{"uuid": "f8ef2536-e56a-4127-a26d-f286c7d9c2b6", "children": ["784bd8d9-8cf9-4a1d-aee9-4fddb34884a5"], "befores": [{"name": "is_authorize_user", "status": "broken", "statusDetails": {"message": "selenium.common.exceptions.ElementClickInterceptedException: Message: Element <button class=\"button_button__33qZ0 button_button_type_primary__1O7Bx button_button_size_medium__3zxIa\"> is not clickable at point (683,550) because another element <div class=\"Modal_modal_overlay__x2ZCr\"> obscures it\nStacktrace:\nRemoteError@chrome://remote/content/shared/RemoteError.sys.mjs:8:8\nWebDriverError@chrome://remote/content/shared/webdriver/Errors.sys.mjs:193:5\nElementClickInterceptedError@chrome://remote/content/shared/webdriver/Errors.sys.mjs:337:5\nwebdriverClickElement@chrome://remote/content/marionette/interaction.sys.mjs:177:11\ninteraction.clickElement@chrome://remote/content/marionette/interaction.sys.mjs:136:11\nclickElement@chrome://remote/content/marionette/actors/MarionetteCommandsChild.sys.mjs:205:29\nreceiveMessage@chrome://remote/content/marionette/actors/MarionetteCommandsChild.sys.mjs:85:31\n\n", "trace": "  File \"/Users/dmitriydemidov/PycharmProjects/Diplome_3/.venv/lib/python3.12/site-packages/pluggy/_callers.py\", line 167, in _multicall\n    teardown.throw(outcome._exception)\n  File \"/Users/dmitriydemidov/PycharmProjects/Diplome_3/.venv/lib/python3.12/site-packages/_pytest/setuponly.py\", line 36, in pytest_fixture_setup\n    return (yield)\n            ^^^^^\n  File \"/Users/dmitriydemidov/PycharmProjects/Diplome_3/.venv/lib/python3.12/site-packages/pluggy/_callers.py\", line 103, in _multicall\n    res = hook_impl.function(*args)\n          ^^^^^^^^^^^^^^^^^^^^^^^^^\n  File \"/Users/dmitriydemidov/PycharmProjects/Diplome_3/.venv/lib/python3.12/site-packages/_pytest/fixtures.py\", line 1140, in pytest_fixture_setup\n    result = call_fixture_func(fixturefunc, request, kwargs)\n             ^^^^^^^^^^^^^^^^^^^^^^^^^^^^^^^^^^^^^^^^^^^^^^^\n  File \"/Users/dmitriydemidov/PycharmProjects/Diplome_3/.venv/lib/python3.12/site-packages/_pytest/fixtures.py\", line 898, in call_fixture_func\n    fixture_result = fixturefunc(**kwargs)\n                     ^^^^^^^^^^^^^^^^^^^^^\n  File \"/Users/dmitriydemidov/PycharmProjects/Diplome_3/conftest.py\", line 67, in is_authorize_user\n    page.authorization_user(api_user.dict_for_authorization)\n  File \"/Users/dmitriydemidov/PycharmProjects/Diplome_3/.venv/lib/python3.12/site-packages/allure_commons/_allure.py\", line 192, in impl\n    return func(*a, **kw)\n           ^^^^^^^^^^^^^^\n  File \"/Users/dmitriydemidov/PycharmProjects/Diplome_3/page_objects/authorization_object.py\", line 34, in authorization_user\n    self.push_on_authorization_button()\n  File \"/Users/dmitriydemidov/PycharmProjects/Diplome_3/.venv/lib/python3.12/site-packages/allure_commons/_allure.py\", line 192, in impl\n    return func(*a, **kw)\n           ^^^^^^^^^^^^^^\n  File \"/Users/dmitriydemidov/PycharmProjects/Diplome_3/page_objects/authorization_object.py\", line 22, in push_on_authorization_button\n    self.click_some_element(DATA.AUTHORIZATION_PAGE_SUCCESS_BUTTON)\n  File \"/Users/dmitriydemidov/PycharmProjects/Diplome_3/.venv/lib/python3.12/site-packages/allure_commons/_allure.py\", line 192, in impl\n    return func(*a, **kw)\n           ^^^^^^^^^^^^^^\n  File \"/Users/dmitriydemidov/PycharmProjects/Diplome_3/page_objects/header_object.py\", line 37, in click_some_element\n    self.finder_same_element(elements_locator).click()\n  File \"/Users/dmitriydemidov/PycharmProjects/Diplome_3/.venv/lib/python3.12/site-packages/selenium/webdriver/remote/webelement.py\", line 94, in click\n    self._execute(Command.CLICK_ELEMENT)\n  File \"/Users/dmitriydemidov/PycharmProjects/Diplome_3/.venv/lib/python3.12/site-packages/selenium/webdriver/remote/webelement.py\", line 395, in _execute\n    return self._parent.execute(command, params)\n           ^^^^^^^^^^^^^^^^^^^^^^^^^^^^^^^^^^^^^\n  File \"/Users/dmitriydemidov/PycharmProjects/Diplome_3/.venv/lib/python3.12/site-packages/selenium/webdriver/remote/webdriver.py\", line 380, in execute\n    self.error_handler.check_response(response)\n  File \"/Users/dmitriydemidov/PycharmProjects/Diplome_3/.venv/lib/python3.12/site-packages/selenium/webdriver/remote/errorhandler.py\", line 229, in check_response\n    raise exception_class(message, screen, stacktrace)\n"}, "steps": [{"name": "Авторизация пользователя", "status": "broken", "statusDetails": {"message": "selenium.common.exceptions.ElementClickInterceptedException: Message: Element <button class=\"button_button__33qZ0 button_button_type_primary__1O7Bx button_button_size_medium__3zxIa\"> is not clickable at point (683,550) because another element <div class=\"Modal_modal_overlay__x2ZCr\"> obscures it\nStacktrace:\nRemoteError@chrome://remote/content/shared/RemoteError.sys.mjs:8:8\nWebDriverError@chrome://remote/content/shared/webdriver/Errors.sys.mjs:193:5\nElementClickInterceptedError@chrome://remote/content/shared/webdriver/Errors.sys.mjs:337:5\nwebdriverClickElement@chrome://remote/content/marionette/interaction.sys.mjs:177:11\ninteraction.clickElement@chrome://remote/content/marionette/interaction.sys.mjs:136:11\nclickElement@chrome://remote/content/marionette/actors/MarionetteCommandsChild.sys.mjs:205:29\nreceiveMessage@chrome://remote/content/marionette/actors/MarionetteCommandsChild.sys.mjs:85:31\n\n", "trace": "  File \"/Users/dmitriydemidov/PycharmProjects/Diplome_3/.venv/lib/python3.12/site-packages/allure_commons/_allure.py\", line 192, in impl\n    return func(*a, **kw)\n           ^^^^^^^^^^^^^^\n  File \"/Users/dmitriydemidov/PycharmProjects/Diplome_3/page_objects/authorization_object.py\", line 34, in authorization_user\n    self.push_on_authorization_button()\n  File \"/Users/dmitriydemidov/PycharmProjects/Diplome_3/.venv/lib/python3.12/site-packages/allure_commons/_allure.py\", line 192, in impl\n    return func(*a, **kw)\n           ^^^^^^^^^^^^^^\n  File \"/Users/dmitriydemidov/PycharmProjects/Diplome_3/page_objects/authorization_object.py\", line 22, in push_on_authorization_button\n    self.click_some_element(DATA.AUTHORIZATION_PAGE_SUCCESS_BUTTON)\n  File \"/Users/dmitriydemidov/PycharmProjects/Diplome_3/.venv/lib/python3.12/site-packages/allure_commons/_allure.py\", line 192, in impl\n    return func(*a, **kw)\n           ^^^^^^^^^^^^^^\n  File \"/Users/dmitriydemidov/PycharmProjects/Diplome_3/page_objects/header_object.py\", line 37, in click_some_element\n    self.finder_same_element(elements_locator).click()\n  File \"/Users/dmitriydemidov/PycharmProjects/Diplome_3/.venv/lib/python3.12/site-packages/selenium/webdriver/remote/webelement.py\", line 94, in click\n    self._execute(Command.CLICK_ELEMENT)\n  File \"/Users/dmitriydemidov/PycharmProjects/Diplome_3/.venv/lib/python3.12/site-packages/selenium/webdriver/remote/webelement.py\", line 395, in _execute\n    return self._parent.execute(command, params)\n           ^^^^^^^^^^^^^^^^^^^^^^^^^^^^^^^^^^^^^\n  File \"/Users/dmitriydemidov/PycharmProjects/Diplome_3/.venv/lib/python3.12/site-packages/selenium/webdriver/remote/webdriver.py\", line 380, in execute\n    self.error_handler.check_response(response)\n  File \"/Users/dmitriydemidov/PycharmProjects/Diplome_3/.venv/lib/python3.12/site-packages/selenium/webdriver/remote/errorhandler.py\", line 229, in check_response\n    raise exception_class(message, screen, stacktrace)\n"}, "steps": [{"name": "Переход на страницу авторизации", "status": "passed", "steps": [{"name": "Переход на страницу", "status": "passed", "parameters": [{"name": "url", "value": "'https://stellarburgers.nomoreparties.site/login'"}], "start": 1732604693245, "stop": 1732604694161}], "start": 1732604693245, "stop": 1732604694161}, {"name": "Ввод почты на странице авторизации", "status": "passed", "steps": [{"name": "Получение значения в поле ввода", "status": "passed", "parameters": [{"name": "elements_locator", "value": "('xpath', '//label[text()=\"Email\"]/following-sibling::input')"}, {"name": "data", "value": "'4wrwcup9w@google.ru'"}], "start": 1732604694161, "stop": 1732604694212}], "parameters": [{"name": "email", "value": "'4wrwcup9w@google.ru'"}], "start": 1732604694161, "stop": 1732604694212}, {"name": "ввод пароля на странице авторизации", "status": "passed", "steps": [{"name": "Получение значения в поле ввода", "status": "passed", "parameters": [{"name": "elements_locator", "value": "('xpath', '//label[text()=\"Пароль\"]/following-sibling::input')"}, {"name": "data", "value": "'uw4bf05p8'"}], "start": 1732604694212, "stop": 1732604694220}], "parameters": [{"name": "password", "value": "'uw4bf05p8'"}], "start": 1732604694212, "stop": 1732604694220}, {"name": "Клик по кнопке авторизации", "status": "broken", "statusDetails": {"message": "selenium.common.exceptions.ElementClickInterceptedException: Message: Element <button class=\"button_button__33qZ0 button_button_type_primary__1O7Bx button_button_size_medium__3zxIa\"> is not clickable at point (683,550) because another element <div class=\"Modal_modal_overlay__x2ZCr\"> obscures it\nStacktrace:\nRemoteError@chrome://remote/content/shared/RemoteError.sys.mjs:8:8\nWebDriverError@chrome://remote/content/shared/webdriver/Errors.sys.mjs:193:5\nElementClickInterceptedError@chrome://remote/content/shared/webdriver/Errors.sys.mjs:337:5\nwebdriverClickElement@chrome://remote/content/marionette/interaction.sys.mjs:177:11\ninteraction.clickElement@chrome://remote/content/marionette/interaction.sys.mjs:136:11\nclickElement@chrome://remote/content/marionette/actors/MarionetteCommandsChild.sys.mjs:205:29\nreceiveMessage@chrome://remote/content/marionette/actors/MarionetteCommandsChild.sys.mjs:85:31\n\n", "trace": "  File \"/Users/dmitriydemidov/PycharmProjects/Diplome_3/.venv/lib/python3.12/site-packages/allure_commons/_allure.py\", line 192, in impl\n    return func(*a, **kw)\n           ^^^^^^^^^^^^^^\n  File \"/Users/dmitriydemidov/PycharmProjects/Diplome_3/page_objects/authorization_object.py\", line 22, in push_on_authorization_button\n    self.click_some_element(DATA.AUTHORIZATION_PAGE_SUCCESS_BUTTON)\n  File \"/Users/dmitriydemidov/PycharmProjects/Diplome_3/.venv/lib/python3.12/site-packages/allure_commons/_allure.py\", line 192, in impl\n    return func(*a, **kw)\n           ^^^^^^^^^^^^^^\n  File \"/Users/dmitriydemidov/PycharmProjects/Diplome_3/page_objects/header_object.py\", line 37, in click_some_element\n    self.finder_same_element(elements_locator).click()\n  File \"/Users/dmitriydemidov/PycharmProjects/Diplome_3/.venv/lib/python3.12/site-packages/selenium/webdriver/remote/webelement.py\", line 94, in click\n    self._execute(Command.CLICK_ELEMENT)\n  File \"/Users/dmitriydemidov/PycharmProjects/Diplome_3/.venv/lib/python3.12/site-packages/selenium/webdriver/remote/webelement.py\", line 395, in _execute\n    return self._parent.execute(command, params)\n           ^^^^^^^^^^^^^^^^^^^^^^^^^^^^^^^^^^^^^\n  File \"/Users/dmitriydemidov/PycharmProjects/Diplome_3/.venv/lib/python3.12/site-packages/selenium/webdriver/remote/webdriver.py\", line 380, in execute\n    self.error_handler.check_response(response)\n  File \"/Users/dmitriydemidov/PycharmProjects/Diplome_3/.venv/lib/python3.12/site-packages/selenium/webdriver/remote/errorhandler.py\", line 229, in check_response\n    raise exception_class(message, screen, stacktrace)\n"}, "steps": [{"name": "Клик по элементу", "status": "broken", "statusDetails": {"message": "selenium.common.exceptions.ElementClickInterceptedException: Message: Element <button class=\"button_button__33qZ0 button_button_type_primary__1O7Bx button_button_size_medium__3zxIa\"> is not clickable at point (683,550) because another element <div class=\"Modal_modal_overlay__x2ZCr\"> obscures it\nStacktrace:\nRemoteError@chrome://remote/content/shared/RemoteError.sys.mjs:8:8\nWebDriverError@chrome://remote/content/shared/webdriver/Errors.sys.mjs:193:5\nElementClickInterceptedError@chrome://remote/content/shared/webdriver/Errors.sys.mjs:337:5\nwebdriverClickElement@chrome://remote/content/marionette/interaction.sys.mjs:177:11\ninteraction.clickElement@chrome://remote/content/marionette/interaction.sys.mjs:136:11\nclickElement@chrome://remote/content/marionette/actors/MarionetteCommandsChild.sys.mjs:205:29\nreceiveMessage@chrome://remote/content/marionette/actors/MarionetteCommandsChild.sys.mjs:85:31\n\n", "trace": "  File \"/Users/dmitriydemidov/PycharmProjects/Diplome_3/.venv/lib/python3.12/site-packages/allure_commons/_allure.py\", line 192, in impl\n    return func(*a, **kw)\n           ^^^^^^^^^^^^^^\n  File \"/Users/dmitriydemidov/PycharmProjects/Diplome_3/page_objects/header_object.py\", line 37, in click_some_element\n    self.finder_same_element(elements_locator).click()\n  File \"/Users/dmitriydemidov/PycharmProjects/Diplome_3/.venv/lib/python3.12/site-packages/selenium/webdriver/remote/webelement.py\", line 94, in click\n    self._execute(Command.CLICK_ELEMENT)\n  File \"/Users/dmitriydemidov/PycharmProjects/Diplome_3/.venv/lib/python3.12/site-packages/selenium/webdriver/remote/webelement.py\", line 395, in _execute\n    return self._parent.execute(command, params)\n           ^^^^^^^^^^^^^^^^^^^^^^^^^^^^^^^^^^^^^\n  File \"/Users/dmitriydemidov/PycharmProjects/Diplome_3/.venv/lib/python3.12/site-packages/selenium/webdriver/remote/webdriver.py\", line 380, in execute\n    self.error_handler.check_response(response)\n  File \"/Users/dmitriydemidov/PycharmProjects/Diplome_3/.venv/lib/python3.12/site-packages/selenium/webdriver/remote/errorhandler.py\", line 229, in check_response\n    raise exception_class(message, screen, stacktrace)\n"}, "steps": [{"name": "Поиск элемента", "status": "passed", "parameters": [{"name": "elements_locator", "value": "('xpath', '//button[text()=\"Войти\"]')"}], "start": 1732604694221, "stop": 1732604694223}], "parameters": [{"name": "elements_locator", "value": "('xpath', '//button[text()=\"Войти\"]')"}], "start": 1732604694221, "stop": 1732604694225}], "start": 1732604694220, "stop": 1732604694225}], "parameters": [{"name": "current_data", "value": "{'email': '4wrwcup9w@google.ru', 'password': 'uw4bf05p8'}"}, {"name": "authorization_without_go_to", "value": "True"}], "start": 1732604693245, "stop": 1732604694226}], "start": 1732604693245, "stop": 1732604694226}], "start": 1732604693245, "stop": 1732604694240}